<?xml version="1.0" encoding="UTF-8" ?>
<testsuite tests="3" failures="0" name="il.ac.technion.cs.sd.book.app.BookScoreInitializerImplTest" time="0.396" errors="0" skipped="0">
  <properties>
[...]
</properties>
  <testcase classname="il.ac.technion.cs.sd.book.app.BookScoreInitializerImplTest" name="testParseBasic" time="0.368"/>
  <testcase classname="il.ac.technion.cs.sd.book.app.BookScoreInitializerImplTest" name="testLarge" time="0.015"/>
  <testcase classname="il.ac.technion.cs.sd.book.app.BookScoreInitializerImplTest" name="checkParsingSavesLatest" time="0.013"/>
</testsuite>